INFO:     Will watch for changes in these directories: ['/home/workspace']
INFO:     Uvicorn running on http://0.0.0.0:8000 (Press CTRL+C to quit)
INFO:     Started reloader process [6103] using StatReload
Process SpawnProcess-1:
Traceback (most recent call last):
  File "/usr/local/lib/python3.13/multiprocessing/process.py", line 313, in _bootstrap
    self.run()
    ~~~~~~~~^^
  File "/usr/local/lib/python3.13/multiprocessing/process.py", line 108, in run
    self._target(*self._args, **self._kwargs)
    ~~~~~~~~~~~~^^^^^^^^^^^^^^^^^^^^^^^^^^^^^
  File "/usr/local/lib/python3.13/site-packages/uvicorn/_subprocess.py", line 76, in subprocess_started
    target(sockets=sockets)
    ~~~~~~^^^^^^^^^^^^^^^^^
  File "/usr/local/lib/python3.13/site-packages/uvicorn/server.py", line 61, in run
    return asyncio.run(self.serve(sockets=sockets))
           ~~~~~~~~~~~^^^^^^^^^^^^^^^^^^^^^^^^^^^^^
  File "/usr/local/lib/python3.13/asyncio/runners.py", line 195, in run
    return runner.run(main)
           ~~~~~~~~~~^^^^^^
  File "/usr/local/lib/python3.13/asyncio/runners.py", line 118, in run
    return self._loop.run_until_complete(task)
           ~~~~~~~~~~~~~~~~~~~~~~~~~~~~~^^^^^^
  File "/usr/local/lib/python3.13/asyncio/base_events.py", line 725, in run_until_complete
    return future.result()
           ~~~~~~~~~~~~~^^
  File "/usr/local/lib/python3.13/site-packages/uvicorn/server.py", line 68, in serve
    config.load()
    ~~~~~~~~~~~^^
  File "/usr/local/lib/python3.13/site-packages/uvicorn/config.py", line 467, in load
    self.loaded_app = import_from_string(self.app)
                      ~~~~~~~~~~~~~~~~~~^^^^^^^^^^
  File "/usr/local/lib/python3.13/site-packages/uvicorn/importer.py", line 21, in import_from_string
    module = importlib.import_module(module_str)
  File "/usr/local/lib/python3.13/importlib/__init__.py", line 88, in import_module
    return _bootstrap._gcd_import(name[level:], package, level)
           ~~~~~~~~~~~~~~~~~~~~~~^^^^^^^^^^^^^^^^^^^^^^^^^^^^^^
  File "<frozen importlib._bootstrap>", line 1387, in _gcd_import
  File "<frozen importlib._bootstrap>", line 1360, in _find_and_load
  File "<frozen importlib._bootstrap>", line 1331, in _find_and_load_unlocked
  File "<frozen importlib._bootstrap>", line 935, in _load_unlocked
  File "<frozen importlib._bootstrap_external>", line 1026, in exec_module
  File "<frozen importlib._bootstrap>", line 488, in _call_with_frames_removed
  File "/home/workspace/main.py", line 48, in <module>
    @app.post("/api/process")
     ~~~~~~~~^^^^^^^^^^^^^^^^
  File "/usr/local/lib/python3.13/site-packages/fastapi/routing.py", line 921, in decorator
    self.add_api_route(
    ~~~~~~~~~~~~~~~~~~^
        path,
        ^^^^^
    ...<23 lines>...
        generate_unique_id_function=generate_unique_id_function,
        ^^^^^^^^^^^^^^^^^^^^^^^^^^^^^^^^^^^^^^^^^^^^^^^^^^^^^^^^
    )
    ^
  File "/usr/local/lib/python3.13/site-packages/fastapi/routing.py", line 860, in add_api_route
    route = route_class(
        self.prefix + path,
    ...<24 lines>...
        generate_unique_id_function=current_generate_unique_id,
    )
  File "/usr/local/lib/python3.13/site-packages/fastapi/routing.py", line 496, in __init__
    self.body_field = get_body_field(dependant=self.dependant, name=self.unique_id)
                      ~~~~~~~~~~~~~~^^^^^^^^^^^^^^^^^^^^^^^^^^^^^^^^^^^^^^^^^^^^^^^
  File "/usr/local/lib/python3.13/site-packages/fastapi/dependencies/utils.py", line 778, in get_body_field
    BodyModel = create_body_model(
        fields=flat_dependant.body_params, model_name=model_name
    )
  File "/usr/local/lib/python3.13/site-packages/fastapi/_compat.py", line 272, in create_body_model
    BodyModel: Type[BaseModel] = create_model(model_name, **field_params)  # type: ignore[call-overload]
                                 ~~~~~~~~~~~~^^^^^^^^^^^^^^^^^^^^^^^^^^^^
  File "/usr/local/lib/python3.13/site-packages/pydantic/main.py", line 1804, in create_model
    return meta(
        model_name,
    ...<4 lines>...
        **kwds,
    )
  File "/usr/local/lib/python3.13/site-packages/pydantic/_internal/_model_construction.py", line 132, in __new__
    private_attributes = inspect_namespace(
        namespace, raw_annotations, config_wrapper.ignored_types, class_vars, base_field_names
    )
  File "/usr/local/lib/python3.13/site-packages/pydantic/_internal/_model_construction.py", line 456, in inspect_namespace
    raise NameError(
    ...<2 lines>...
    )
NameError: Fields must not use names with leading underscores; e.g., use 'my_field' instead of '_'.
